[2025-02-08 14:10:47] Rendering product ID: 19
[2025-02-08 14:10:47] Image path for product 19: /hoster/uploads/products/1737898810_46e5f6ab-bb27-4eba-aca6-2a1bc5809dd0.jpg
[2025-02-08 14:10:47] Rendering product ID: 26
[2025-02-08 14:10:47] Image path for product 26: /hoster/uploads/products/1737899855_d799c340-12c2-405e-ad78-22235ff99333.jpg
[2025-02-08 14:10:47] Rendering product ID: 27
[2025-02-08 14:10:47] Image path for product 27: /hoster/uploads/products/1737899959_e2e60e83-8ded-40ba-81ea-30505b06b40c.jpg
[2025-02-08 14:10:47] Rendering product ID: 32
[2025-02-08 14:10:47] Image path for product 32: /hoster/uploads/products/1737900478_2c5a498a-7230-4d02-a591-318ee52f8352.jpg
[2025-02-08 14:10:47] Rendering product ID: 33
[2025-02-08 14:10:47] Image path for product 33: /hoster/uploads/products/1737900529_3ce4ff14-6440-4a6f-833a-81bebe5eaab3.jpg
[2025-02-08 14:10:47] Rendering product ID: 34
[2025-02-08 14:10:47] Image path for product 34: /hoster/uploads/products/1737900571_3de0f959-9b2b-4274-8921-cc34a016b72e.jpg
[2025-02-08 14:10:47] Rendering product ID: 156
[2025-02-08 14:10:47] Rendering product ID: 35
[2025-02-08 14:10:47] Image path for product 35: /hoster/uploads/products/1737900611_5b7f4071-a1f7-4331-aaca-83fb04a2a4aa.jpg
[2025-02-08 14:10:47] Image path for product 156: /hoster/uploads/products/1738961666_logo.webp
[2025-02-08 14:10:47] Rendering product ID: 36
[2025-02-08 14:10:47] Rendering product ID: 156
[2025-02-08 14:10:47] Image path for product 36: /hoster/uploads/products/1737900677_9d65b742-d9c8-49ea-94be-4b9ec57c387f.jpg
[2025-02-08 14:10:47] Image path for product 156: /hoster/uploads/products/1738961666_2352df0b-1a30-407b-b6c2-84525bda1d7a-max.jpg
[2025-02-08 14:10:47] Rendering product ID: 156
[2025-02-08 14:10:47] Rendering product ID: 37
[2025-02-08 14:10:47] Image path for product 156: /hoster/uploads/products/1738961666_pc gamer4 - Copy.jpg
[2025-02-08 14:10:47] Image path for product 37: /hoster/uploads/products/1737900740_20e9da7d-8988-4ff6-a66f-39f00bd744bf.jpg
[2025-02-08 14:10:47] Rendering product ID: 38
[2025-02-08 14:10:47] Image path for product 38: /hoster/uploads/products/1737900832_39e9a85f-d47b-4ad1-ad05-f3409ae4cf2a.jpg
[2025-02-08 14:10:47] Rendering product ID: 39
[2025-02-08 14:10:47] Image path for product 39: /hoster/uploads/products/1737900893_48b9e9ec-a5ae-448e-af8a-8eeb496d9904.jpg
[2025-02-08 14:10:47] Rendering product ID: 40
[2025-02-08 14:10:47] Image path for product 40: /hoster/uploads/products/1737900935_64de0e93-6047-4113-a29c-261167b9e0a0.jpg
[2025-02-08 14:10:47] Rendering product ID: 41
[2025-02-08 14:10:47] Image path for product 41: /hoster/uploads/products/1737900971_3839ab88-79f7-4421-bc19-75a166edc8cb.jpg
[2025-02-08 14:10:47] Rendering product ID: 42
[2025-02-08 14:10:47] Image path for product 42: /hoster/uploads/products/1737901016_906966f2-ee0b-401d-8933-7aeb0a760653.jpg
[2025-02-08 14:10:47] Rendering product ID: 43
[2025-02-08 14:10:47] Image path for product 43: /hoster/uploads/products/1737901049_bd410e7c-1ecd-4f0e-8d69-e42257a8cd33.jpg
[2025-02-08 14:10:47] Rendering product ID: 44
[2025-02-08 14:10:47] Image path for product 44: /hoster/uploads/products/1737901123_bf37dc7a-d916-4927-8c83-c5045b702c99.jpg
[2025-02-08 14:10:47] Rendering product ID: 71
[2025-02-08 14:10:47] Rendering product ID: 45
[2025-02-08 14:10:47] Image path for product 45: /hoster/uploads/products/1737901175_cf20a524-12f5-458a-b31f-9ea473748ef9.jpg
[2025-02-08 14:10:47] Image path for product 71: /hoster/uploads/products/1737919654_bb96090c-eb2f-42ee-98d7-4406c6761161.jpg
[2025-02-08 14:10:47] Rendering product ID: 46
[2025-02-08 14:10:47] Rendering product ID: 135
[2025-02-08 14:10:47] Image path for product 46: /hoster/uploads/products/1737901231_d84af333-0d61-4baa-b128-6fca9092f7ad.jpg
[2025-02-08 14:10:47] Image path for product 135: /hoster/uploads/products/1737897751_ec669e3c-338e-4fc5-900e-dd1cf0118530.jpg
[2025-02-08 14:10:47] Rendering product ID: 47
[2025-02-08 14:10:47] Rendering product ID: 135
[2025-02-08 14:10:47] Image path for product 47: /hoster/uploads/products/1737901341_e717c76d-6e16-4d62-b72f-5fc32b43aeda.jpg
[2025-02-08 14:10:47] Image path for product 135: /hoster/uploads/products/1738701926_WhatsApp Image 2025-02-04 at 9.00.18 PM.jpeg
[2025-02-08 14:10:47] Rendering product ID: 48
[2025-02-08 14:10:47] Image path for product 48: /hoster/uploads/products/1737901424_ef87f10a-aa7b-4a61-8795-73b7f48f2646.jpg
[2025-02-08 14:10:47] Rendering product ID: 135
[2025-02-08 14:10:47] Image path for product 135: /hoster/uploads/products/1738701926_WhatsApp Image 2025-02-04 at 9.44.33 PM.jpeg
[2025-02-08 14:10:47] Rendering product ID: 49
[2025-02-08 14:10:47] Image path for product 49: /hoster/uploads/products/1737901457_f2e6b4a9-40ba-4b56-8908-15cda500d0ca.jpg
[2025-02-08 14:10:47] Rendering product ID: 136
[2025-02-08 14:10:47] Image path for product 136: /hoster/uploads/products/1737898446_c4292dab-7371-49e6-be09-973e37cf2ace.jpg
[2025-02-08 14:10:47] Rendering product ID: 50
[2025-02-08 14:10:47] Image path for product 50: /hoster/uploads/products/1737911243_5f3bd12f-6d0d-4520-a950-9f5ad9920bd3.jpg
[2025-02-08 14:10:47] Rendering product ID: 136
[2025-02-08 14:10:47] Image path for product 136: /hoster/uploads/products/1738701992_WhatsApp Image 2025-02-04 at 9.00.19 PM (3).jpeg
[2025-02-08 14:10:47] Rendering product ID: 51
[2025-02-08 14:10:47] Image path for product 51: /hoster/uploads/products/1737911410_856ee5c9-6c1c-4720-b97c-55e1ceadcc95.jpg
[2025-02-08 14:10:47] Rendering product ID: 136
[2025-02-08 14:10:47] Image path for product 136: /hoster/uploads/products/1738701992_WhatsApp Image 2025-02-04 at 9.00.19 PM (2).jpeg
[2025-02-08 14:10:47] Rendering product ID: 82
[2025-02-08 14:10:47] Image path for product 82: /hoster/uploads/products/1738676336_WhatsApp Image 2025-02-04 at 2.33.17 PM.jpeg
[2025-02-08 14:10:47] Rendering product ID: 83
[2025-02-08 14:10:47] Image path for product 83: /hoster/uploads/products/1738677177_WhatsApp Image 2025-02-04 at 2.43.19 PM (1).jpeg
[2025-02-08 14:10:47] Rendering product ID: 83
[2025-02-08 14:10:47] Image path for product 83: /hoster/uploads/products/1738677177_WhatsApp Image 2025-02-04 at 2.43.19 PM.jpeg
[2025-02-08 14:10:47] Rendering product ID: 83
[2025-02-08 14:10:47] Image path for product 83: /hoster/uploads/products/1738677177_WhatsApp Image 2025-02-04 at 2.43.20 PM (1).jpeg
[2025-02-08 14:10:47] Rendering product ID: 83
[2025-02-08 14:10:47] Image path for product 83: /hoster/uploads/products/1738677177_WhatsApp Image 2025-02-04 at 2.43.20 PM.jpeg
[2025-02-08 14:10:47] Rendering product ID: 83
[2025-02-08 14:10:47] Image path for product 83: /hoster/uploads/products/1738677177_WhatsApp Image 2025-02-04 at 2.42.45 PM.jpeg
[2025-02-08 14:10:47] Rendering product ID: 112
[2025-02-08 14:10:47] Image path for product 112: /hoster/uploads/products/1738695439_sunshine1-legging11-multicolor-1.webp
[2025-02-08 14:10:47] Rendering product ID: 113
[2025-02-08 14:10:47] Image path for product 113: /hoster/uploads/products/1738695634_WhatsApp Image 2025-02-04 at 5.09.15 PM.jpeg
[2025-02-08 14:10:47] Rendering product ID: 65
[2025-02-08 14:10:47] Rendering product ID: 114
[2025-02-08 14:10:47] Image path for product 114: /hoster/uploads/products/1738695711_WhatsApp Image 2025-02-04 at 5.09.15 PM (1).jpeg
[2025-02-08 14:10:47] Image path for product 65: /hoster/uploads/products/1737918760_506250dc-5491-43e2-a38a-8fa8e0994164.jpg
[2025-02-08 14:10:47] Rendering product ID: 115
[2025-02-08 14:10:47] Rendering product ID: 68
[2025-02-08 14:10:47] Image path for product 115: /hoster/uploads/products/1738695781_WhatsApp Image 2025-02-04 at 5.09.15 PM (2).jpeg
[2025-02-08 14:10:47] Image path for product 68: /hoster/uploads/products/1737919308_e6a62afa-e4ed-4411-bece-fa8ed6b5ae96.jpg
[2025-02-08 14:10:47] Rendering product ID: 116
[2025-02-08 14:10:47] Rendering product ID: 69
[2025-02-08 14:10:47] Image path for product 116: /hoster/uploads/products/1738697894_WhatsApp Image 2025-02-04 at 5.09.15 PM (3).jpeg
[2025-02-08 14:10:47] Image path for product 69: /hoster/uploads/products/1737919422_15ff1bc5-9317-437c-802e-f874be63329d.jpg
[2025-02-08 14:10:47] Rendering product ID: 117
[2025-02-08 14:10:47] Rendering product ID: 70
[2025-02-08 14:10:47] Image path for product 70: /hoster/uploads/products/1737919547_b1cd8266-5460-45c8-9606-8c06e719ee4a.jpg
[2025-02-08 14:10:47] Image path for product 117: /hoster/uploads/products/1738697963_WhatsApp Image 2025-02-04 at 5.09.15 PM (4).jpeg
[2025-02-08 14:10:47] Rendering product ID: 78
[2025-02-08 14:10:47] Rendering product ID: 118
[2025-02-08 14:10:47] Image path for product 78: /hoster/uploads/products/1738612708_WhatsApp Image 2025-01-26 at 1.54.53 PM.jpeg
[2025-02-08 14:10:47] Image path for product 118: /hoster/uploads/products/1738698041_WhatsApp Image 2025-02-04 at 5.09.14 PM.jpeg
[2025-02-08 14:10:47] Rendering product ID: 79
[2025-02-08 14:10:47] Rendering product ID: 119
[2025-02-08 14:10:47] Image path for product 79: /hoster/uploads/products/1738613224_WhatsApp Image 2025-02-03 at 8.59.38 PM.jpeg
[2025-02-08 14:10:47] Image path for product 119: /hoster/uploads/products/1738698109_WhatsApp Image 2025-02-04 at 5.09.14 PM (1).jpeg
[2025-02-08 14:10:47] Rendering product ID: 80
[2025-02-08 14:10:47] Rendering product ID: 120
[2025-02-08 14:10:47] Image path for product 80: /hoster/uploads/products/1738613838_WhatsApp Image 2025-02-03 at 8.59.38 PM (1).jpeg
[2025-02-08 14:10:47] Image path for product 120: /hoster/uploads/products/1738698234_WhatsApp Image 2025-02-04 at 5.09.14 PM (2).jpeg
[2025-02-08 14:10:47] Rendering product ID: 121
[2025-02-08 14:10:47] Image path for product 121: /hoster/uploads/products/1738698368_WhatsApp Image 2025-02-04 at 5.09.14 PM (3).jpeg
[2025-02-08 14:10:47] Rendering product ID: 122
[2025-02-08 14:10:47] Image path for product 122: /hoster/uploads/products/1738698465_WhatsApp Image 2025-02-04 at 5.09.14 PM (4).jpeg
[2025-02-08 14:10:47] Rendering product ID: 123
[2025-02-08 14:10:47] Image path for product 123: /hoster/uploads/products/1738698548_WhatsApp Image 2025-02-04 at 5.09.13 PM.jpeg
[2025-02-08 14:10:47] Rendering product ID: 124
[2025-02-08 14:10:47] Image path for product 124: /hoster/uploads/products/1738698675_WhatsApp Image 2025-02-04 at 5.09.11 PM.jpeg
[2025-02-08 14:10:47] Rendering product ID: 129
[2025-02-08 14:10:47] Image path for product 129: /hoster/uploads/products/1737895793_200b0795-8f30-463b-ac85-3a2c7858d9a0.jpg
[2025-02-08 14:10:47] Rendering product ID: 129
[2025-02-08 14:10:47] Image path for product 129: /hoster/uploads/products/1738700253_WhatsApp Image 2025-02-04 at 9.00.17 PM (1).jpeg
[2025-02-08 14:10:47] Rendering product ID: 129
[2025-02-08 14:10:47] Image path for product 129: /hoster/uploads/products/1738700253_WhatsApp Image 2025-02-04 at 9.00.17 PM.jpeg
[2025-02-08 14:10:47] Rendering product ID: 132
[2025-02-08 14:10:47] Image path for product 132: /hoster/uploads/products/1737896119_cf7e72e6-8d5e-4c4b-9bc7-5b6cb1d09a97.jpg
[2025-02-08 14:10:47] Rendering product ID: 132
[2025-02-08 14:10:47] Image path for product 132: /hoster/uploads/products/1738701129_WhatsApp Image 2025-02-04 at 9.31.27 PM.jpeg
[2025-02-08 14:10:47] Rendering product ID: 132
[2025-02-08 14:10:47] Image path for product 132: /hoster/uploads/products/1738701146_WhatsApp Image 2025-02-04 at 9.28.21 PM.jpeg
[2025-02-08 14:10:47] Rendering product ID: 133
[2025-02-08 14:10:47] Image path for product 133: /hoster/uploads/products/1737896008_1502eb3f-90ec-4487-a4cd-4348c0e93030.jpg
[2025-02-08 14:10:47] Rendering product ID: 133
[2025-02-08 14:10:47] Image path for product 133: /hoster/uploads/products/1738700595_WhatsApp Image 2025-02-04 at 9.00.19 PM.jpeg
[2025-02-08 14:10:47] Rendering product ID: 133
[2025-02-08 14:10:47] Image path for product 133: /hoster/uploads/products/1738701235_WhatsApp Image 2025-02-04 at 9.00.19 PM (1).jpeg
[2025-02-08 14:10:47] Rendering product ID: 134
[2025-02-08 14:10:47] Image path for product 134: /hoster/uploads/products/1737896266_d30b92fb-72fb-41bf-9e2c-bc587eeb9b25.jpg
[2025-02-08 14:10:47] Rendering product ID: 134
[2025-02-08 14:10:47] Image path for product 134: /hoster/uploads/products/1738701609_WhatsApp Image 2025-02-04 at 9.00.20 PM (1).jpeg
[2025-02-08 14:10:47] Rendering product ID: 134
[2025-02-08 14:10:47] Image path for product 134: /hoster/uploads/products/1738701609_WhatsApp Image 2025-02-04 at 9.00.20 PM.jpeg
[2025-02-08 14:10:47] Rendering product ID: 137
[2025-02-08 14:10:47] Image path for product 137: /hoster/uploads/products/1737898589_5c294f79-f088-4d34-ac68-c9bbd6f1077e.jpg
[2025-02-08 14:10:47] Rendering product ID: 137
[2025-02-08 14:10:47] Image path for product 137: /hoster/uploads/products/1738702144_WhatsApp Image 2025-02-04 at 9.00.18 PM (2).jpeg
[2025-02-08 14:10:47] Rendering product ID: 137
[2025-02-08 14:10:47] Image path for product 137: /hoster/uploads/products/1738702144_WhatsApp Image 2025-02-04 at 9.00.18 PM (1).jpeg
[2025-02-08 14:10:47] Rendering product ID: 138
[2025-02-08 14:10:47] Image path for product 138: /hoster/uploads/products/1737898940_85ea55e3-2a24-43ec-8f68-5056ded3713e.jpg
[2025-02-08 14:10:47] Rendering product ID: 138
[2025-02-08 14:10:47] Image path for product 138: /hoster/uploads/products/1738702255_WhatsApp Image 2025-02-04 at 9.00.17 PM (3).jpeg
[2025-02-08 14:10:47] Rendering product ID: 138
[2025-02-08 14:10:47] Image path for product 138: /hoster/uploads/products/1738702255_WhatsApp Image 2025-02-04 at 9.00.17 PM (2).jpeg
[2025-02-08 14:10:47] Rendering product ID: 139
[2025-02-08 14:10:47] Image path for product 139: /hoster/uploads/products/1737899416_45517792-d436-4104-b31c-f5048fba1a34.jpg
[2025-02-08 14:10:47] Rendering product ID: 139
[2025-02-08 14:10:47] Image path for product 139: /hoster/uploads/products/1738702480_WhatsApp Image 2025-02-04 at 9.00.19 PM (4).jpeg
[2025-02-08 14:10:47] Rendering product ID: 144
[2025-02-08 14:10:47] Image path for product 144: /hoster/uploads/products/1737900033_e19c8a72-8cc9-425b-b70b-a0b6ee65abce.jpg
[2025-02-08 14:10:47] Rendering product ID: 144
[2025-02-08 14:10:47] Image path for product 144: /hoster/uploads/products/1738702610_WhatsApp Image 2025-02-04 at 9.00.20 PM (2).jpeg
[2025-02-08 14:10:47] Rendering product ID: 144
[2025-02-08 14:10:47] Image path for product 144: /hoster/uploads/products/1738702610_WhatsApp Image 2025-02-04 at 9.00.20 PM (3).jpeg
[2025-02-08 14:10:47] Rendering product ID: 146
[2025-02-08 14:10:47] Image path for product 146: /hoster/uploads/products/1737900445_0f1ac5f4-ca1d-46f3-9ae1-a13b5f88790d.jpg
[2025-02-10 09:38:56] Rendering product ID: 19
[2025-02-10 09:38:56] Rendering product ID: 71
[2025-02-10 09:38:56] Image path for product 19: /hoster/uploads/products/1737898810_46e5f6ab-bb27-4eba-aca6-2a1bc5809dd0.jpg
[2025-02-10 09:38:56] Image path for product 71: /hoster/uploads/products/1737919654_bb96090c-eb2f-42ee-98d7-4406c6761161.jpg
[2025-02-10 09:38:56] Rendering product ID: 26
[2025-02-10 09:38:56] Rendering product ID: 135
[2025-02-10 09:38:56] Rendering product ID: 156
[2025-02-10 09:38:56] Image path for product 135: /hoster/uploads/products/1737897751_ec669e3c-338e-4fc5-900e-dd1cf0118530.jpg
[2025-02-10 09:38:56] Image path for product 26: /hoster/uploads/products/1737899855_d799c340-12c2-405e-ad78-22235ff99333.jpg
[2025-02-10 09:38:56] Rendering product ID: 135
[2025-02-10 09:38:56] Image path for product 156: /hoster/uploads/products/1738961666_logo.webp
[2025-02-10 09:38:56] Rendering product ID: 27
[2025-02-10 09:38:56] Image path for product 135: /hoster/uploads/products/1738701926_WhatsApp Image 2025-02-04 at 9.00.18 PM.jpeg
[2025-02-10 09:38:56] Rendering product ID: 156
[2025-02-10 09:38:56] Image path for product 27: /hoster/uploads/products/1737899959_e2e60e83-8ded-40ba-81ea-30505b06b40c.jpg
[2025-02-10 09:38:56] Rendering product ID: 135
[2025-02-10 09:38:56] Image path for product 156: /hoster/uploads/products/1738961666_2352df0b-1a30-407b-b6c2-84525bda1d7a-max.jpg
[2025-02-10 09:38:56] Rendering product ID: 32
[2025-02-10 09:38:56] Image path for product 135: /hoster/uploads/products/1738701926_WhatsApp Image 2025-02-04 at 9.44.33 PM.jpeg
[2025-02-10 09:38:56] Rendering product ID: 156
[2025-02-10 09:38:56] Image path for product 32: /hoster/uploads/products/1737900478_2c5a498a-7230-4d02-a591-318ee52f8352.jpg
[2025-02-10 09:38:56] Rendering product ID: 136
[2025-02-10 09:38:56] Image path for product 156: /hoster/uploads/products/1738961666_pc gamer4 - Copy.jpg
[2025-02-10 09:38:56] Image path for product 136: /hoster/uploads/products/1737898446_c4292dab-7371-49e6-be09-973e37cf2ace.jpg
[2025-02-10 09:38:56] Rendering product ID: 33
[2025-02-10 09:38:56] Rendering product ID: 136
[2025-02-10 09:38:56] Image path for product 33: /hoster/uploads/products/1737900529_3ce4ff14-6440-4a6f-833a-81bebe5eaab3.jpg
[2025-02-10 09:38:56] Image path for product 136: /hoster/uploads/products/1738701992_WhatsApp Image 2025-02-04 at 9.00.19 PM (3).jpeg
[2025-02-10 09:38:56] Rendering product ID: 34
[2025-02-10 09:38:56] Rendering product ID: 136
[2025-02-10 09:38:56] Image path for product 34: /hoster/uploads/products/1737900571_3de0f959-9b2b-4274-8921-cc34a016b72e.jpg
[2025-02-10 09:38:56] Image path for product 136: /hoster/uploads/products/1738701992_WhatsApp Image 2025-02-04 at 9.00.19 PM (2).jpeg
[2025-02-10 09:38:56] Rendering product ID: 35
[2025-02-10 09:38:56] Rendering product ID: 65
[2025-02-10 09:38:56] Image path for product 35: /hoster/uploads/products/1737900611_5b7f4071-a1f7-4331-aaca-83fb04a2a4aa.jpg
[2025-02-10 09:38:56] Rendering product ID: 36
[2025-02-10 09:38:56] Image path for product 65: /hoster/uploads/products/1737918760_506250dc-5491-43e2-a38a-8fa8e0994164.jpg
[2025-02-10 09:38:56] Image path for product 36: /hoster/uploads/products/1737900677_9d65b742-d9c8-49ea-94be-4b9ec57c387f.jpg
[2025-02-10 09:38:56] Rendering product ID: 68
[2025-02-10 09:38:56] Rendering product ID: 37
[2025-02-10 09:38:56] Image path for product 68: /hoster/uploads/products/1737919308_e6a62afa-e4ed-4411-bece-fa8ed6b5ae96.jpg
[2025-02-10 09:38:56] Image path for product 37: /hoster/uploads/products/1737900740_20e9da7d-8988-4ff6-a66f-39f00bd744bf.jpg
[2025-02-10 09:38:56] Rendering product ID: 69
[2025-02-10 09:38:56] Rendering product ID: 38
[2025-02-10 09:38:56] Image path for product 69: /hoster/uploads/products/1737919422_15ff1bc5-9317-437c-802e-f874be63329d.jpg
[2025-02-10 09:38:56] Rendering product ID: 70
[2025-02-10 09:38:56] Image path for product 38: /hoster/uploads/products/1737900832_39e9a85f-d47b-4ad1-ad05-f3409ae4cf2a.jpg
[2025-02-10 09:38:56] Image path for product 70: /hoster/uploads/products/1737919547_b1cd8266-5460-45c8-9606-8c06e719ee4a.jpg
[2025-02-10 09:38:56] Rendering product ID: 39
[2025-02-10 09:38:56] Rendering product ID: 78
[2025-02-10 09:38:56] Image path for product 39: /hoster/uploads/products/1737900893_48b9e9ec-a5ae-448e-af8a-8eeb496d9904.jpg
[2025-02-10 09:38:56] Image path for product 78: /hoster/uploads/products/1738612708_WhatsApp Image 2025-01-26 at 1.54.53 PM.jpeg
[2025-02-10 09:38:56] Rendering product ID: 40
[2025-02-10 09:38:56] Rendering product ID: 79
[2025-02-10 09:38:56] Image path for product 79: /hoster/uploads/products/1738613224_WhatsApp Image 2025-02-03 at 8.59.38 PM.jpeg
[2025-02-10 09:38:56] Image path for product 40: /hoster/uploads/products/1737900935_64de0e93-6047-4113-a29c-261167b9e0a0.jpg
[2025-02-10 09:38:56] Rendering product ID: 80
[2025-02-10 09:38:56] Rendering product ID: 41
[2025-02-10 09:38:56] Image path for product 80: /hoster/uploads/products/1738613838_WhatsApp Image 2025-02-03 at 8.59.38 PM (1).jpeg
[2025-02-10 09:38:56] Image path for product 41: /hoster/uploads/products/1737900971_3839ab88-79f7-4421-bc19-75a166edc8cb.jpg
[2025-02-10 09:38:56] Rendering product ID: 42
[2025-02-10 09:38:56] Image path for product 42: /hoster/uploads/products/1737901016_906966f2-ee0b-401d-8933-7aeb0a760653.jpg
[2025-02-10 09:38:56] Rendering product ID: 43
[2025-02-10 09:38:56] Image path for product 43: /hoster/uploads/products/1737901049_bd410e7c-1ecd-4f0e-8d69-e42257a8cd33.jpg
[2025-02-10 09:38:56] Rendering product ID: 44
[2025-02-10 09:38:56] Image path for product 44: /hoster/uploads/products/1737901123_bf37dc7a-d916-4927-8c83-c5045b702c99.jpg
[2025-02-10 09:38:56] Rendering product ID: 45
[2025-02-10 09:38:56] Image path for product 45: /hoster/uploads/products/1737901175_cf20a524-12f5-458a-b31f-9ea473748ef9.jpg
[2025-02-10 09:38:56] Rendering product ID: 46
[2025-02-10 09:38:56] Image path for product 46: /hoster/uploads/products/1737901231_d84af333-0d61-4baa-b128-6fca9092f7ad.jpg
[2025-02-10 09:38:56] Rendering product ID: 47
[2025-02-10 09:38:56] Image path for product 47: /hoster/uploads/products/1737901341_e717c76d-6e16-4d62-b72f-5fc32b43aeda.jpg
[2025-02-10 09:38:56] Rendering product ID: 48
[2025-02-10 09:38:56] Image path for product 48: /hoster/uploads/products/1737901424_ef87f10a-aa7b-4a61-8795-73b7f48f2646.jpg
[2025-02-10 09:38:56] Rendering product ID: 49
[2025-02-10 09:38:56] Image path for product 49: /hoster/uploads/products/1737901457_f2e6b4a9-40ba-4b56-8908-15cda500d0ca.jpg
[2025-02-10 09:38:56] Rendering product ID: 50
[2025-02-10 09:38:56] Image path for product 50: /hoster/uploads/products/1737911243_5f3bd12f-6d0d-4520-a950-9f5ad9920bd3.jpg
[2025-02-10 09:38:56] Rendering product ID: 51
[2025-02-10 09:38:56] Image path for product 51: /hoster/uploads/products/1737911410_856ee5c9-6c1c-4720-b97c-55e1ceadcc95.jpg
[2025-02-10 09:38:56] Rendering product ID: 82
[2025-02-10 09:38:56] Image path for product 82: /hoster/uploads/products/1738676336_WhatsApp Image 2025-02-04 at 2.33.17 PM.jpeg
[2025-02-10 09:38:56] Rendering product ID: 83
[2025-02-10 09:38:56] Image path for product 83: /hoster/uploads/products/1738677177_WhatsApp Image 2025-02-04 at 2.43.19 PM (1).jpeg
[2025-02-10 09:38:56] Rendering product ID: 83
[2025-02-10 09:38:56] Image path for product 83: /hoster/uploads/products/1738677177_WhatsApp Image 2025-02-04 at 2.43.19 PM.jpeg
[2025-02-10 09:38:56] Rendering product ID: 83
[2025-02-10 09:38:56] Image path for product 83: /hoster/uploads/products/1738677177_WhatsApp Image 2025-02-04 at 2.43.20 PM (1).jpeg
[2025-02-10 09:38:56] Rendering product ID: 83
[2025-02-10 09:38:56] Image path for product 83: /hoster/uploads/products/1738677177_WhatsApp Image 2025-02-04 at 2.43.20 PM.jpeg
[2025-02-10 09:38:56] Rendering product ID: 83
[2025-02-10 09:38:56] Image path for product 83: /hoster/uploads/products/1738677177_WhatsApp Image 2025-02-04 at 2.42.45 PM.jpeg
[2025-02-10 09:38:56] Rendering product ID: 112
[2025-02-10 09:38:56] Image path for product 112: /hoster/uploads/products/1738695439_sunshine1-legging11-multicolor-1.webp
[2025-02-10 09:38:56] Rendering product ID: 113
[2025-02-10 09:38:56] Image path for product 113: /hoster/uploads/products/1738695634_WhatsApp Image 2025-02-04 at 5.09.15 PM.jpeg
[2025-02-10 09:38:56] Rendering product ID: 114
[2025-02-10 09:38:56] Image path for product 114: /hoster/uploads/products/1738695711_WhatsApp Image 2025-02-04 at 5.09.15 PM (1).jpeg
[2025-02-10 09:38:56] Rendering product ID: 115
[2025-02-10 09:38:56] Image path for product 115: /hoster/uploads/products/1738695781_WhatsApp Image 2025-02-04 at 5.09.15 PM (2).jpeg
[2025-02-10 09:38:56] Rendering product ID: 116
[2025-02-10 09:38:56] Image path for product 116: /hoster/uploads/products/1738697894_WhatsApp Image 2025-02-04 at 5.09.15 PM (3).jpeg
[2025-02-10 09:38:56] Rendering product ID: 117
[2025-02-10 09:38:56] Image path for product 117: /hoster/uploads/products/1738697963_WhatsApp Image 2025-02-04 at 5.09.15 PM (4).jpeg
[2025-02-10 09:38:56] Rendering product ID: 118
[2025-02-10 09:38:56] Image path for product 118: /hoster/uploads/products/1738698041_WhatsApp Image 2025-02-04 at 5.09.14 PM.jpeg
[2025-02-10 09:38:56] Rendering product ID: 119
[2025-02-10 09:38:56] Image path for product 119: /hoster/uploads/products/1738698109_WhatsApp Image 2025-02-04 at 5.09.14 PM (1).jpeg
[2025-02-10 09:38:56] Rendering product ID: 120
[2025-02-10 09:38:56] Image path for product 120: /hoster/uploads/products/1738698234_WhatsApp Image 2025-02-04 at 5.09.14 PM (2).jpeg
[2025-02-10 09:38:56] Rendering product ID: 121
[2025-02-10 09:38:56] Image path for product 121: /hoster/uploads/products/1738698368_WhatsApp Image 2025-02-04 at 5.09.14 PM (3).jpeg
[2025-02-10 09:38:56] Rendering product ID: 122
[2025-02-10 09:38:56] Image path for product 122: /hoster/uploads/products/1738698465_WhatsApp Image 2025-02-04 at 5.09.14 PM (4).jpeg
[2025-02-10 09:38:56] Rendering product ID: 123
[2025-02-10 09:38:56] Image path for product 123: /hoster/uploads/products/1738698548_WhatsApp Image 2025-02-04 at 5.09.13 PM.jpeg
[2025-02-10 09:38:56] Rendering product ID: 124
[2025-02-10 09:38:56] Image path for product 124: /hoster/uploads/products/1738698675_WhatsApp Image 2025-02-04 at 5.09.11 PM.jpeg
[2025-02-10 09:38:56] Rendering product ID: 129
[2025-02-10 09:38:56] Image path for product 129: /hoster/uploads/products/1737895793_200b0795-8f30-463b-ac85-3a2c7858d9a0.jpg
[2025-02-10 09:38:56] Rendering product ID: 129
[2025-02-10 09:38:56] Image path for product 129: /hoster/uploads/products/1738700253_WhatsApp Image 2025-02-04 at 9.00.17 PM (1).jpeg
[2025-02-10 09:38:56] Rendering product ID: 129
[2025-02-10 09:38:56] Image path for product 129: /hoster/uploads/products/1738700253_WhatsApp Image 2025-02-04 at 9.00.17 PM.jpeg
[2025-02-10 09:38:56] Rendering product ID: 132
[2025-02-10 09:38:56] Image path for product 132: /hoster/uploads/products/1737896119_cf7e72e6-8d5e-4c4b-9bc7-5b6cb1d09a97.jpg
[2025-02-10 09:38:56] Rendering product ID: 132
[2025-02-10 09:38:56] Image path for product 132: /hoster/uploads/products/1738701129_WhatsApp Image 2025-02-04 at 9.31.27 PM.jpeg
[2025-02-10 09:38:56] Rendering product ID: 132
[2025-02-10 09:38:56] Image path for product 132: /hoster/uploads/products/1738701146_WhatsApp Image 2025-02-04 at 9.28.21 PM.jpeg
[2025-02-10 09:38:56] Rendering product ID: 133
[2025-02-10 09:38:56] Image path for product 133: /hoster/uploads/products/1737896008_1502eb3f-90ec-4487-a4cd-4348c0e93030.jpg
[2025-02-10 09:38:56] Rendering product ID: 133
[2025-02-10 09:38:56] Image path for product 133: /hoster/uploads/products/1738700595_WhatsApp Image 2025-02-04 at 9.00.19 PM.jpeg
[2025-02-10 09:38:56] Rendering product ID: 133
[2025-02-10 09:38:56] Image path for product 133: /hoster/uploads/products/1738701235_WhatsApp Image 2025-02-04 at 9.00.19 PM (1).jpeg
[2025-02-10 09:38:56] Rendering product ID: 134
[2025-02-10 09:38:56] Image path for product 134: /hoster/uploads/products/1737896266_d30b92fb-72fb-41bf-9e2c-bc587eeb9b25.jpg
[2025-02-10 09:38:56] Rendering product ID: 134
[2025-02-10 09:38:56] Image path for product 134: /hoster/uploads/products/1738701609_WhatsApp Image 2025-02-04 at 9.00.20 PM (1).jpeg
[2025-02-10 09:38:56] Rendering product ID: 134
[2025-02-10 09:38:56] Image path for product 134: /hoster/uploads/products/1738701609_WhatsApp Image 2025-02-04 at 9.00.20 PM.jpeg
[2025-02-10 09:38:56] Rendering product ID: 137
[2025-02-10 09:38:56] Image path for product 137: /hoster/uploads/products/1737898589_5c294f79-f088-4d34-ac68-c9bbd6f1077e.jpg
[2025-02-10 09:38:56] Rendering product ID: 137
[2025-02-10 09:38:56] Image path for product 137: /hoster/uploads/products/1738702144_WhatsApp Image 2025-02-04 at 9.00.18 PM (2).jpeg
[2025-02-10 09:38:56] Rendering product ID: 137
[2025-02-10 09:38:56] Image path for product 137: /hoster/uploads/products/1738702144_WhatsApp Image 2025-02-04 at 9.00.18 PM (1).jpeg
[2025-02-10 09:38:56] Rendering product ID: 138
[2025-02-10 09:38:56] Image path for product 138: /hoster/uploads/products/1737898940_85ea55e3-2a24-43ec-8f68-5056ded3713e.jpg
[2025-02-10 09:38:56] Rendering product ID: 138
[2025-02-10 09:38:56] Image path for product 138: /hoster/uploads/products/1738702255_WhatsApp Image 2025-02-04 at 9.00.17 PM (3).jpeg
[2025-02-10 09:38:56] Rendering product ID: 138
[2025-02-10 09:38:56] Image path for product 138: /hoster/uploads/products/1738702255_WhatsApp Image 2025-02-04 at 9.00.17 PM (2).jpeg
[2025-02-10 09:38:56] Rendering product ID: 139
[2025-02-10 09:38:56] Image path for product 139: /hoster/uploads/products/1737899416_45517792-d436-4104-b31c-f5048fba1a34.jpg
[2025-02-10 09:38:56] Rendering product ID: 139
[2025-02-10 09:38:56] Image path for product 139: /hoster/uploads/products/1738702480_WhatsApp Image 2025-02-04 at 9.00.19 PM (4).jpeg
[2025-02-10 09:38:56] Rendering product ID: 144
[2025-02-10 09:38:56] Image path for product 144: /hoster/uploads/products/1737900033_e19c8a72-8cc9-425b-b70b-a0b6ee65abce.jpg
[2025-02-10 09:38:56] Rendering product ID: 144
[2025-02-10 09:38:56] Image path for product 144: /hoster/uploads/products/1738702610_WhatsApp Image 2025-02-04 at 9.00.20 PM (2).jpeg
[2025-02-10 09:38:56] Rendering product ID: 144
[2025-02-10 09:38:56] Image path for product 144: /hoster/uploads/products/1738702610_WhatsApp Image 2025-02-04 at 9.00.20 PM (3).jpeg
[2025-02-10 09:38:56] Rendering product ID: 146
[2025-02-10 09:38:56] Image path for product 146: /hoster/uploads/products/1737900445_0f1ac5f4-ca1d-46f3-9ae1-a13b5f88790d.jpg
[2025-02-10 09:39:07] Rendering product ID: 19
[2025-02-10 09:39:07] Image path for product 19: /hoster/uploads/products/1737898810_46e5f6ab-bb27-4eba-aca6-2a1bc5809dd0.jpg
[2025-02-10 09:39:07] Rendering product ID: 71
[2025-02-10 09:39:07] Rendering product ID: 26
[2025-02-10 09:39:07] Image path for product 26: /hoster/uploads/products/1737899855_d799c340-12c2-405e-ad78-22235ff99333.jpg
[2025-02-10 09:39:07] Image path for product 71: /hoster/uploads/products/1737919654_bb96090c-eb2f-42ee-98d7-4406c6761161.jpg
[2025-02-10 09:39:07] Rendering product ID: 27
[2025-02-10 09:39:07] Image path for product 27: /hoster/uploads/products/1737899959_e2e60e83-8ded-40ba-81ea-30505b06b40c.jpg
[2025-02-10 09:39:07] Rendering product ID: 135
[2025-02-10 09:39:07] Rendering product ID: 32
[2025-02-10 09:39:07] Image path for product 135: /hoster/uploads/products/1737897751_ec669e3c-338e-4fc5-900e-dd1cf0118530.jpg
[2025-02-10 09:39:07] Image path for product 32: /hoster/uploads/products/1737900478_2c5a498a-7230-4d02-a591-318ee52f8352.jpg
[2025-02-10 09:39:07] Rendering product ID: 135
[2025-02-10 09:39:07] Rendering product ID: 33
[2025-02-10 09:39:07] Image path for product 135: /hoster/uploads/products/1738701926_WhatsApp Image 2025-02-04 at 9.00.18 PM.jpeg
[2025-02-10 09:39:07] Image path for product 33: /hoster/uploads/products/1737900529_3ce4ff14-6440-4a6f-833a-81bebe5eaab3.jpg
[2025-02-10 09:39:07] Rendering product ID: 135
[2025-02-10 09:39:07] Rendering product ID: 34
[2025-02-10 09:39:07] Image path for product 135: /hoster/uploads/products/1738701926_WhatsApp Image 2025-02-04 at 9.44.33 PM.jpeg
[2025-02-10 09:39:07] Image path for product 34: /hoster/uploads/products/1737900571_3de0f959-9b2b-4274-8921-cc34a016b72e.jpg
[2025-02-10 09:39:07] Rendering product ID: 136
[2025-02-10 09:39:07] Image path for product 136: /hoster/uploads/products/1737898446_c4292dab-7371-49e6-be09-973e37cf2ace.jpg
[2025-02-10 09:39:07] Rendering product ID: 35
[2025-02-10 09:39:07] Image path for product 35: /hoster/uploads/products/1737900611_5b7f4071-a1f7-4331-aaca-83fb04a2a4aa.jpg
[2025-02-10 09:39:07] Rendering product ID: 136
[2025-02-10 09:39:07] Image path for product 136: /hoster/uploads/products/1738701992_WhatsApp Image 2025-02-04 at 9.00.19 PM (3).jpeg
[2025-02-10 09:39:07] Rendering product ID: 36
[2025-02-10 09:39:07] Image path for product 36: /hoster/uploads/products/1737900677_9d65b742-d9c8-49ea-94be-4b9ec57c387f.jpg
[2025-02-10 09:39:07] Rendering product ID: 136
[2025-02-10 09:39:07] Rendering product ID: 37
[2025-02-10 09:39:07] Image path for product 136: /hoster/uploads/products/1738701992_WhatsApp Image 2025-02-04 at 9.00.19 PM (2).jpeg
[2025-02-10 09:39:07] Image path for product 37: /hoster/uploads/products/1737900740_20e9da7d-8988-4ff6-a66f-39f00bd744bf.jpg
[2025-02-10 09:39:07] Rendering product ID: 156
[2025-02-10 09:39:07] Rendering product ID: 38
[2025-02-10 09:39:07] Image path for product 38: /hoster/uploads/products/1737900832_39e9a85f-d47b-4ad1-ad05-f3409ae4cf2a.jpg
[2025-02-10 09:39:07] Image path for product 156: /hoster/uploads/products/1738961666_logo.webp
[2025-02-10 09:39:07] Rendering product ID: 39
[2025-02-10 09:39:07] Rendering product ID: 156
[2025-02-10 09:39:07] Image path for product 39: /hoster/uploads/products/1737900893_48b9e9ec-a5ae-448e-af8a-8eeb496d9904.jpg
[2025-02-10 09:39:07] Image path for product 156: /hoster/uploads/products/1738961666_2352df0b-1a30-407b-b6c2-84525bda1d7a-max.jpg
[2025-02-10 09:39:07] Rendering product ID: 40
[2025-02-10 09:39:07] Image path for product 40: /hoster/uploads/products/1737900935_64de0e93-6047-4113-a29c-261167b9e0a0.jpg
[2025-02-10 09:39:07] Rendering product ID: 156
[2025-02-10 09:39:07] Rendering product ID: 41
[2025-02-10 09:39:07] Image path for product 156: /hoster/uploads/products/1738961666_pc gamer4 - Copy.jpg
[2025-02-10 09:39:07] Image path for product 41: /hoster/uploads/products/1737900971_3839ab88-79f7-4421-bc19-75a166edc8cb.jpg
[2025-02-10 09:39:07] Rendering product ID: 42
[2025-02-10 09:39:07] Image path for product 42: /hoster/uploads/products/1737901016_906966f2-ee0b-401d-8933-7aeb0a760653.jpg
[2025-02-10 09:39:07] Rendering product ID: 43
[2025-02-10 09:39:07] Image path for product 43: /hoster/uploads/products/1737901049_bd410e7c-1ecd-4f0e-8d69-e42257a8cd33.jpg
[2025-02-10 09:39:07] Rendering product ID: 44
[2025-02-10 09:39:07] Image path for product 44: /hoster/uploads/products/1737901123_bf37dc7a-d916-4927-8c83-c5045b702c99.jpg
[2025-02-10 09:39:07] Rendering product ID: 45
[2025-02-10 09:39:07] Image path for product 45: /hoster/uploads/products/1737901175_cf20a524-12f5-458a-b31f-9ea473748ef9.jpg
[2025-02-10 09:39:07] Rendering product ID: 46
[2025-02-10 09:39:07] Image path for product 46: /hoster/uploads/products/1737901231_d84af333-0d61-4baa-b128-6fca9092f7ad.jpg
[2025-02-10 09:39:07] Rendering product ID: 47
[2025-02-10 09:39:07] Rendering product ID: 65
[2025-02-10 09:39:07] Image path for product 47: /hoster/uploads/products/1737901341_e717c76d-6e16-4d62-b72f-5fc32b43aeda.jpg
[2025-02-10 09:39:07] Rendering product ID: 48
[2025-02-10 09:39:07] Image path for product 48: /hoster/uploads/products/1737901424_ef87f10a-aa7b-4a61-8795-73b7f48f2646.jpg
[2025-02-10 09:39:07] Image path for product 65: /hoster/uploads/products/1737918760_506250dc-5491-43e2-a38a-8fa8e0994164.jpg
[2025-02-10 09:39:07] Rendering product ID: 49
[2025-02-10 09:39:07] Rendering product ID: 68
[2025-02-10 09:39:07] Image path for product 49: /hoster/uploads/products/1737901457_f2e6b4a9-40ba-4b56-8908-15cda500d0ca.jpg
[2025-02-10 09:39:07] Rendering product ID: 50
[2025-02-10 09:39:07] Image path for product 68: /hoster/uploads/products/1737919308_e6a62afa-e4ed-4411-bece-fa8ed6b5ae96.jpg
[2025-02-10 09:39:07] Image path for product 50: /hoster/uploads/products/1737911243_5f3bd12f-6d0d-4520-a950-9f5ad9920bd3.jpg
[2025-02-10 09:39:07] Rendering product ID: 69
[2025-02-10 09:39:07] Rendering product ID: 51
[2025-02-10 09:39:07] Image path for product 51: /hoster/uploads/products/1737911410_856ee5c9-6c1c-4720-b97c-55e1ceadcc95.jpg
[2025-02-10 09:39:07] Image path for product 69: /hoster/uploads/products/1737919422_15ff1bc5-9317-437c-802e-f874be63329d.jpg
[2025-02-10 09:39:07] Rendering product ID: 82
[2025-02-10 09:39:07] Rendering product ID: 70
[2025-02-10 09:39:07] Image path for product 82: /hoster/uploads/products/1738676336_WhatsApp Image 2025-02-04 at 2.33.17 PM.jpeg
[2025-02-10 09:39:07] Image path for product 70: /hoster/uploads/products/1737919547_b1cd8266-5460-45c8-9606-8c06e719ee4a.jpg
[2025-02-10 09:39:07] Rendering product ID: 83
[2025-02-10 09:39:07] Rendering product ID: 78
[2025-02-10 09:39:07] Image path for product 83: /hoster/uploads/products/1738677177_WhatsApp Image 2025-02-04 at 2.43.19 PM (1).jpeg
[2025-02-10 09:39:07] Image path for product 78: /hoster/uploads/products/1738612708_WhatsApp Image 2025-01-26 at 1.54.53 PM.jpeg
[2025-02-10 09:39:07] Rendering product ID: 83
[2025-02-10 09:39:07] Rendering product ID: 79
[2025-02-10 09:39:07] Image path for product 83: /hoster/uploads/products/1738677177_WhatsApp Image 2025-02-04 at 2.43.19 PM.jpeg
[2025-02-10 09:39:07] Image path for product 79: /hoster/uploads/products/1738613224_WhatsApp Image 2025-02-03 at 8.59.38 PM.jpeg
[2025-02-10 09:39:07] Rendering product ID: 83
[2025-02-10 09:39:07] Rendering product ID: 80
[2025-02-10 09:39:07] Image path for product 83: /hoster/uploads/products/1738677177_WhatsApp Image 2025-02-04 at 2.43.20 PM (1).jpeg
[2025-02-10 09:39:07] Rendering product ID: 83
[2025-02-10 09:39:07] Image path for product 80: /hoster/uploads/products/1738613838_WhatsApp Image 2025-02-03 at 8.59.38 PM (1).jpeg
[2025-02-10 09:39:07] Image path for product 83: /hoster/uploads/products/1738677177_WhatsApp Image 2025-02-04 at 2.43.20 PM.jpeg
[2025-02-10 09:39:07] Rendering product ID: 83
[2025-02-10 09:39:07] Image path for product 83: /hoster/uploads/products/1738677177_WhatsApp Image 2025-02-04 at 2.42.45 PM.jpeg
[2025-02-10 09:39:07] Rendering product ID: 112
[2025-02-10 09:39:07] Image path for product 112: /hoster/uploads/products/1738695439_sunshine1-legging11-multicolor-1.webp
[2025-02-10 09:39:07] Rendering product ID: 113
[2025-02-10 09:39:07] Image path for product 113: /hoster/uploads/products/1738695634_WhatsApp Image 2025-02-04 at 5.09.15 PM.jpeg
[2025-02-10 09:39:07] Rendering product ID: 114
[2025-02-10 09:39:07] Image path for product 114: /hoster/uploads/products/1738695711_WhatsApp Image 2025-02-04 at 5.09.15 PM (1).jpeg
[2025-02-10 09:39:07] Rendering product ID: 115
[2025-02-10 09:39:07] Image path for product 115: /hoster/uploads/products/1738695781_WhatsApp Image 2025-02-04 at 5.09.15 PM (2).jpeg
[2025-02-10 09:39:07] Rendering product ID: 116
[2025-02-10 09:39:07] Image path for product 116: /hoster/uploads/products/1738697894_WhatsApp Image 2025-02-04 at 5.09.15 PM (3).jpeg
[2025-02-10 09:39:07] Rendering product ID: 117
[2025-02-10 09:39:07] Image path for product 117: /hoster/uploads/products/1738697963_WhatsApp Image 2025-02-04 at 5.09.15 PM (4).jpeg
[2025-02-10 09:39:07] Rendering product ID: 118
[2025-02-10 09:39:07] Image path for product 118: /hoster/uploads/products/1738698041_WhatsApp Image 2025-02-04 at 5.09.14 PM.jpeg
[2025-02-10 09:39:07] Rendering product ID: 119
[2025-02-10 09:39:07] Image path for product 119: /hoster/uploads/products/1738698109_WhatsApp Image 2025-02-04 at 5.09.14 PM (1).jpeg
[2025-02-10 09:39:07] Rendering product ID: 120
[2025-02-10 09:39:07] Image path for product 120: /hoster/uploads/products/1738698234_WhatsApp Image 2025-02-04 at 5.09.14 PM (2).jpeg
[2025-02-10 09:39:07] Rendering product ID: 121
[2025-02-10 09:39:07] Image path for product 121: /hoster/uploads/products/1738698368_WhatsApp Image 2025-02-04 at 5.09.14 PM (3).jpeg
[2025-02-10 09:39:07] Rendering product ID: 122
[2025-02-10 09:39:07] Image path for product 122: /hoster/uploads/products/1738698465_WhatsApp Image 2025-02-04 at 5.09.14 PM (4).jpeg
[2025-02-10 09:39:07] Rendering product ID: 123
[2025-02-10 09:39:07] Image path for product 123: /hoster/uploads/products/1738698548_WhatsApp Image 2025-02-04 at 5.09.13 PM.jpeg
[2025-02-10 09:39:07] Rendering product ID: 124
[2025-02-10 09:39:07] Image path for product 124: /hoster/uploads/products/1738698675_WhatsApp Image 2025-02-04 at 5.09.11 PM.jpeg
[2025-02-10 09:39:07] Rendering product ID: 129
[2025-02-10 09:39:07] Image path for product 129: /hoster/uploads/products/1737895793_200b0795-8f30-463b-ac85-3a2c7858d9a0.jpg
[2025-02-10 09:39:07] Rendering product ID: 129
[2025-02-10 09:39:07] Image path for product 129: /hoster/uploads/products/1738700253_WhatsApp Image 2025-02-04 at 9.00.17 PM (1).jpeg
[2025-02-10 09:39:07] Rendering product ID: 129
[2025-02-10 09:39:07] Image path for product 129: /hoster/uploads/products/1738700253_WhatsApp Image 2025-02-04 at 9.00.17 PM.jpeg
[2025-02-10 09:39:07] Rendering product ID: 132
[2025-02-10 09:39:07] Image path for product 132: /hoster/uploads/products/1737896119_cf7e72e6-8d5e-4c4b-9bc7-5b6cb1d09a97.jpg
[2025-02-10 09:39:07] Rendering product ID: 132
[2025-02-10 09:39:07] Image path for product 132: /hoster/uploads/products/1738701129_WhatsApp Image 2025-02-04 at 9.31.27 PM.jpeg
[2025-02-10 09:39:07] Rendering product ID: 132
[2025-02-10 09:39:07] Image path for product 132: /hoster/uploads/products/1738701146_WhatsApp Image 2025-02-04 at 9.28.21 PM.jpeg
[2025-02-10 09:39:07] Rendering product ID: 133
[2025-02-10 09:39:07] Image path for product 133: /hoster/uploads/products/1737896008_1502eb3f-90ec-4487-a4cd-4348c0e93030.jpg
[2025-02-10 09:39:07] Rendering product ID: 133
[2025-02-10 09:39:07] Image path for product 133: /hoster/uploads/products/1738700595_WhatsApp Image 2025-02-04 at 9.00.19 PM.jpeg
[2025-02-10 09:39:07] Rendering product ID: 133
[2025-02-10 09:39:07] Image path for product 133: /hoster/uploads/products/1738701235_WhatsApp Image 2025-02-04 at 9.00.19 PM (1).jpeg
[2025-02-10 09:39:07] Rendering product ID: 134
[2025-02-10 09:39:07] Image path for product 134: /hoster/uploads/products/1737896266_d30b92fb-72fb-41bf-9e2c-bc587eeb9b25.jpg
[2025-02-10 09:39:07] Rendering product ID: 134
[2025-02-10 09:39:07] Image path for product 134: /hoster/uploads/products/1738701609_WhatsApp Image 2025-02-04 at 9.00.20 PM (1).jpeg
[2025-02-10 09:39:07] Rendering product ID: 134
[2025-02-10 09:39:07] Image path for product 134: /hoster/uploads/products/1738701609_WhatsApp Image 2025-02-04 at 9.00.20 PM.jpeg
[2025-02-10 09:39:07] Rendering product ID: 137
[2025-02-10 09:39:07] Image path for product 137: /hoster/uploads/products/1737898589_5c294f79-f088-4d34-ac68-c9bbd6f1077e.jpg
[2025-02-10 09:39:07] Rendering product ID: 137
[2025-02-10 09:39:07] Image path for product 137: /hoster/uploads/products/1738702144_WhatsApp Image 2025-02-04 at 9.00.18 PM (2).jpeg
[2025-02-10 09:39:07] Rendering product ID: 137
[2025-02-10 09:39:07] Image path for product 137: /hoster/uploads/products/1738702144_WhatsApp Image 2025-02-04 at 9.00.18 PM (1).jpeg
[2025-02-10 09:39:07] Rendering product ID: 138
[2025-02-10 09:39:07] Image path for product 138: /hoster/uploads/products/1737898940_85ea55e3-2a24-43ec-8f68-5056ded3713e.jpg
[2025-02-10 09:39:07] Rendering product ID: 138
[2025-02-10 09:39:07] Image path for product 138: /hoster/uploads/products/1738702255_WhatsApp Image 2025-02-04 at 9.00.17 PM (3).jpeg
[2025-02-10 09:39:07] Rendering product ID: 138
[2025-02-10 09:39:07] Image path for product 138: /hoster/uploads/products/1738702255_WhatsApp Image 2025-02-04 at 9.00.17 PM (2).jpeg
[2025-02-10 09:39:07] Rendering product ID: 139
[2025-02-10 09:39:07] Image path for product 139: /hoster/uploads/products/1737899416_45517792-d436-4104-b31c-f5048fba1a34.jpg
[2025-02-10 09:39:07] Rendering product ID: 139
[2025-02-10 09:39:07] Image path for product 139: /hoster/uploads/products/1738702480_WhatsApp Image 2025-02-04 at 9.00.19 PM (4).jpeg
[2025-02-10 09:39:07] Rendering product ID: 144
[2025-02-10 09:39:07] Image path for product 144: /hoster/uploads/products/1737900033_e19c8a72-8cc9-425b-b70b-a0b6ee65abce.jpg
[2025-02-10 09:39:07] Rendering product ID: 144
[2025-02-10 09:39:07] Image path for product 144: /hoster/uploads/products/1738702610_WhatsApp Image 2025-02-04 at 9.00.20 PM (2).jpeg
[2025-02-10 09:39:07] Rendering product ID: 144
[2025-02-10 09:39:07] Image path for product 144: /hoster/uploads/products/1738702610_WhatsApp Image 2025-02-04 at 9.00.20 PM (3).jpeg
[2025-02-10 09:39:07] Rendering product ID: 146
[2025-02-10 09:39:07] Image path for product 146: /hoster/uploads/products/1737900445_0f1ac5f4-ca1d-46f3-9ae1-a13b5f88790d.jpg
